<?xml version="1.0" encoding="UTF-8"?>
<testng-results skipped="0" failed="0" total="2" passed="2">
  <reporter-output>
  </reporter-output>
  <suite name="Default suite" duration-ms="40618" started-at="2016-04-14T06:07:52Z" finished-at="2016-04-14T06:08:32Z">
    <groups>
    </groups>
    <test name="Default test" duration-ms="40618" started-at="2016-04-14T06:07:52Z" finished-at="2016-04-14T06:08:32Z">
      <class name="com.Script.LoginTest">
        <test-method status="PASS" signature="Browser()[pri:0, instance:com.Script.LoginTest@3c5a99da]" name="Browser" is-config="true" duration-ms="12246" started-at="2016-04-14T11:37:52Z" finished-at="2016-04-14T11:38:04Z">
          <reporter-output>
          </reporter-output>
        </test-method> <!-- Browser -->
        <test-method status="PASS" signature="percondition()[pri:0, instance:com.Script.LoginTest@3c5a99da]" name="percondition" is-config="true" duration-ms="44" started-at="2016-04-14T11:38:04Z" finished-at="2016-04-14T11:38:04Z">
          <reporter-output>
          </reporter-output>
        </test-method> <!-- percondition -->
        <test-method status="PASS" signature="login1()[pri:0, instance:com.Script.LoginTest@3c5a99da]" name="login1" duration-ms="10003" started-at="2016-04-14T11:38:04Z" finished-at="2016-04-14T11:38:14Z">
          <reporter-output>
          </reporter-output>
        </test-method> <!-- login1 -->
        <test-method status="PASS" signature="postconditon()[pri:0, instance:com.Script.LoginTest@3c5a99da]" name="postconditon" is-config="true" duration-ms="1" started-at="2016-04-14T11:38:14Z" finished-at="2016-04-14T11:38:14Z">
          <reporter-output>
          </reporter-output>
        </test-method> <!-- postconditon -->
        <test-method status="PASS" signature="percondition()[pri:0, instance:com.Script.LoginTest@3c5a99da]" name="percondition" is-config="true" duration-ms="5684" started-at="2016-04-14T11:38:14Z" finished-at="2016-04-14T11:38:20Z">
          <reporter-output>
          </reporter-output>
        </test-method> <!-- percondition -->
        <test-method status="PASS" signature="login2()[pri:0, instance:com.Script.LoginTest@3c5a99da]" name="login2" duration-ms="11378" started-at="2016-04-14T11:38:20Z" finished-at="2016-04-14T11:38:31Z">
          <reporter-output>
          </reporter-output>
        </test-method> <!-- login2 -->
        <test-method status="PASS" signature="postconditon()[pri:0, instance:com.Script.LoginTest@3c5a99da]" name="postconditon" is-config="true" duration-ms="1" started-at="2016-04-14T11:38:31Z" finished-at="2016-04-14T11:38:31Z">
          <reporter-output>
          </reporter-output>
        </test-method> <!-- postconditon -->
        <test-method status="PASS" signature="close()[pri:0, instance:com.Script.LoginTest@3c5a99da]" name="close" is-config="true" duration-ms="1182" started-at="2016-04-14T11:38:31Z" finished-at="2016-04-14T11:38:32Z">
          <reporter-output>
          </reporter-output>
        </test-method> <!-- close -->
      </class> <!-- com.Script.LoginTest -->
    </test> <!-- Default test -->
  </suite> <!-- Default suite -->
</testng-results>
